<?xml version="1.0" encoding="UTF-8" ?>
<testsuite tests="6" failures="0" name="com.google.zetasql.IdentidySelectedColumnsTest" time="2.431" errors="0" skipped="0">
  <properties>
    <property name="idea.version" value="2022.3.2"/>
    <property name="java.runtime.name" value="OpenJDK Runtime Environment"/>
    <property name="java.vm.version" value="17.0.6+10-Debian-1"/>
    <property name="sun.boot.library.path" value="/usr/lib/jvm/java-17-openjdk-amd64/lib"/>
    <property name="maven.multiModuleProjectDirectory" value="/usr/local/google/home/celiaji/Documents/forked_anti_pattern/professional-services/tools/bigquery-antipattern-tool"/>
    <property name="java.vm.vendor" value="Debian"/>
    <property name="java.vendor.url" value="https://tracker.debian.org/openjdk-17"/>
    <property name="guice.disable.misplaced.annotation.check" value="true"/>
    <property name="path.separator" value=":"/>
    <property name="java.vm.name" value="OpenJDK 64-Bit Server VM"/>
    <property name="user.country" value="US"/>
    <property name="sun.java.launcher" value="SUN_STANDARD"/>
    <property name="java.vm.specification.name" value="Java Virtual Machine Specification"/>
    <property name="user.dir" value="/usr/local/google/home/celiaji/Documents/forked_anti_pattern/professional-services/tools/bigquery-antipattern-tool"/>
    <property name="java.vm.compressedOopsMode" value="Zero based"/>
    <property name="java.runtime.version" value="17.0.6+10-Debian-1"/>
    <property name="os.arch" value="amd64"/>
    <property name="java.io.tmpdir" value="/tmp"/>
    <property name="line.separator" value="
"/>
    <property name="java.vm.specification.vendor" value="Oracle Corporation"/>
    <property name="os.name" value="Linux"/>
    <property name="maven.ext.class.path" value="/usr/local/google/home/celiaji/Desktop/ideaIC-2022.3.2/idea-IC-223.8617.56/plugins/maven/lib/maven-event-listener.jar"/>
    <property name="classworlds.conf" value="/usr/local/google/home/celiaji/Desktop/ideaIC-2022.3.2/idea-IC-223.8617.56/plugins/maven/lib/maven3/bin/m2.conf"/>
    <property name="sun.jnu.encoding" value="UTF-8"/>
    <property name="java.library.path" value="/usr/lib/mesa-diverted/x86_64-linux-gnu:/usr/lib/x86_64-linux-gnu/mesa:/usr/lib/x86_64-linux-gnu/dri:/usr/lib/x86_64-linux-gnu/gallium-pipe:/usr/java/packages/lib:/usr/lib/x86_64-linux-gnu/jni:/lib/x86_64-linux-gnu:/usr/lib/x86_64-linux-gnu:/usr/lib/jni:/lib:/usr/lib"/>
    <property name="jansi.passthrough" value="true"/>
    <property name="maven.conf" value="/usr/local/google/home/celiaji/Desktop/ideaIC-2022.3.2/idea-IC-223.8617.56/plugins/maven/lib/maven3/conf"/>
    <property name="jdk.debug" value="release"/>
    <property name="java.class.version" value="61.0"/>
    <property name="java.specification.name" value="Java Platform API Specification"/>
    <property name="sun.management.compiler" value="HotSpot 64-Bit Tiered Compilers"/>
    <property name="os.version" value="5.19.11-1rodete1-amd64"/>
    <property name="user.home" value="/usr/local/google/home/celiaji"/>
    <property name="user.timezone" value="Etc/UTC"/>
    <property name="file.encoding" value="UTF-8"/>
    <property name="java.specification.version" value="17"/>
    <property name="user.name" value="celiaji"/>
    <property name="java.class.path" value="/usr/local/google/home/celiaji/Desktop/ideaIC-2022.3.2/idea-IC-223.8617.56/plugins/maven/lib/maven3/boot/plexus-classworlds.license:/usr/local/google/home/celiaji/Desktop/ideaIC-2022.3.2/idea-IC-223.8617.56/plugins/maven/lib/maven3/boot/plexus-classworlds-2.6.0.jar"/>
    <property name="java.vm.specification.version" value="17"/>
    <property name="sun.arch.data.model" value="64"/>
    <property name="sun.java.command" value="org.codehaus.classworlds.Launcher -Didea.version=2022.3.2 package"/>
    <property name="java.home" value="/usr/lib/jvm/java-17-openjdk-amd64"/>
    <property name="user.language" value="en"/>
    <property name="java.specification.vendor" value="Oracle Corporation"/>
    <property name="java.vm.info" value="mixed mode, sharing"/>
    <property name="java.version" value="17.0.6"/>
    <property name="native.encoding" value="UTF-8"/>
    <property name="securerandom.source" value="file:/dev/./urandom"/>
    <property name="java.vendor" value="Debian"/>
    <property name="maven.home" value="/usr/local/google/home/celiaji/Desktop/ideaIC-2022.3.2/idea-IC-223.8617.56/plugins/maven/lib/maven3"/>
    <property name="file.separator" value="/"/>
    <property name="java.version.date" value="2023-01-17"/>
    <property name="java.vendor.url.bug" value="https://bugs.debian.org/openjdk-17"/>
    <property name="sun.io.unicode.encoding" value="UnicodeLittle"/>
    <property name="sun.cpu.endian" value="little"/>
  </properties>
  <testcase classname="com.google.zetasql.IdentidySelectedColumnsTest" name="noRecommendationTest" time="2.203"/>
  <testcase classname="com.google.zetasql.IdentidySelectedColumnsTest" name="selectStarBothTablesWithJoinTest" time="0.068"/>
  <testcase classname="com.google.zetasql.IdentidySelectedColumnsTest" name="selectStarWithJoinTest" time="0.032"/>
  <testcase classname="com.google.zetasql.IdentidySelectedColumnsTest" name="selectStarWithJoinAndSubSelectTest" time="0.052"/>
  <testcase classname="com.google.zetasql.IdentidySelectedColumnsTest" name="selectEachColSingleTableTest" time="0.042"/>
  <testcase classname="com.google.zetasql.IdentidySelectedColumnsTest" name="selectStarSingleTableTest" time="0.034"/>
</testsuite>